<?xml version="1.0" encoding="UTF-8"?>
<testsuite xmlns:xsi="http://www.w3.org/2001/XMLSchema-instance" xsi:noNamespaceSchemaLocation="https://maven.apache.org/surefire/maven-surefire-plugin/xsd/surefire-test-report-3.0.xsd" version="3.0" name="com.travelnow.runner.TestRunner" time="1.011" tests="10" errors="0" skipped="0" failures="0">
  <properties>
[...]
</properties>
  <testcase name="Inicio de sesión exitoso" classname="HU-001 Validación de usuario TravelNow" time="0.144">
    <system-out><![CDATA[
@SmokeTest @login
Scenario: Inicio de sesión exitoso                           # src/test/resources/features/HU001_Login.feature:9
==========================================
>>> Iniciando escenario: Inicio de sesión exitoso
>>> Configurando entorno de prueba...
==========================================
El usuario está en la página de inicio de sesión.
  Given que el usuario está en la página de inicio de sesión # com.travelnow.steps.LoginSteps.que_el_usuario_esta_en_la_pagina_de_inicio_de_sesion()
El usuario ingresa credenciales válidas.
  When ingresa credenciales válidas                          # com.travelnow.steps.LoginSteps.ingresa_credenciales_validas()
El sistema redirige al usuario a la página principal.
  Then el sistema lo manda a la página principal             # com.travelnow.steps.LoginSteps.el_sistema_lo_manda_a_la_pagina_principal()
------------------------------------------
>>> Escenario finalizado correctamente: Inicio de sesión exitoso
>>> Cerrando entorno de prueba...
------------------------------------------

]]></system-out>
  </testcase>
  <testcase name="Inicio de sesión fallido" classname="HU-001 Validación de usuario TravelNow" time="0.019">
    <system-out><![CDATA[
@SmokeTest
Scenario: Inicio de sesión fallido                                        # src/test/resources/features/HU001_Login.feature:14
==========================================
>>> Iniciando escenario: Inicio de sesión fallido
>>> Configurando entorno de prueba...
==========================================
El usuario está en la página de inicio de sesión.
  Given que el usuario está en la página de inicio de sesión              # com.travelnow.steps.LoginSteps.que_el_usuario_esta_en_la_pagina_de_inicio_de_sesion()
El usuario ingresa credenciales incorrectas.
  When ingresa credenciales incorrectas                                   # com.travelnow.steps.LoginSteps.ingresa_credenciales_incorrectas()
El sistema muestra el mensaje: usuario o contraseña incorrecta
  Then el sistema muestra un mensaje de "usuario o contraseña incorrecta" # com.travelnow.steps.LoginSteps.el_sistema_muestra_un_mensaje(java.lang.String)
------------------------------------------
>>> Escenario finalizado correctamente: Inicio de sesión fallido
>>> Cerrando entorno de prueba...
------------------------------------------

]]></system-out>
  </testcase>
  <testcase name="Búsqueda simple de vuelos" classname="HU-002 Búsqueda de vuelos en TravelNow #1" time="0.032">
    <system-out><![CDATA[
@SmokeTest @Busqueda @Vuelos
Scenario: Búsqueda simple de vuelos                       # src/test/resources/features/HU002_BusquedaVuelos.feature:10
==========================================
>>> Iniciando escenario: Búsqueda simple de vuelos
>>> Configurando entorno de prueba...
==========================================
El usuario está en la página principal.
  Given que el usuario está en la página principal        # com.travelnow.steps.ComunesSteps.que_el_usuario_esta_en_la_pagina_principal()
Buscando vuelos desde Santiago hacia Buenos Aires.
  When ingresa origen "Santiago" y destino "Buenos Aires" # com.travelnow.steps.BusquedaVuelosSteps.ingresa_origen_y_destino(java.lang.String,java.lang.String)
El usuario presiona el botón: Buscar vuelos
  And presiona "Buscar vuelos"                            # com.travelnow.steps.BusquedaVuelosSteps.presiona(java.lang.String)
Se muestran vuelos disponibles en pantalla.
  Then se muestran vuelos disponibles en pantalla         # com.travelnow.steps.ComunesSteps.se_muestran_vuelos_disponibles_en_pantalla()
------------------------------------------
>>> Escenario finalizado correctamente: Búsqueda simple de vuelos
>>> Cerrando entorno de prueba...
------------------------------------------

]]></system-out>
  </testcase>
  <testcase name="Búsqueda simple de vuelos" classname="HU-002 Búsqueda de vuelos en TravelNow #2" time="0.013">
    <system-out><![CDATA[
@SmokeTest @Busqueda @Vuelos
Scenario: Búsqueda simple de vuelos                       # src/test/resources/features/HU003_BusquedaHoteles.feature:10
==========================================
>>> Iniciando escenario: Búsqueda simple de vuelos
>>> Configurando entorno de prueba...
==========================================
El usuario está en la página principal.
  Given que el usuario está en la página principal        # com.travelnow.steps.ComunesSteps.que_el_usuario_esta_en_la_pagina_principal()
Buscando vuelos desde Santiago hacia Buenos Aires.
  When ingresa origen "Santiago" y destino "Buenos Aires" # com.travelnow.steps.BusquedaVuelosSteps.ingresa_origen_y_destino(java.lang.String,java.lang.String)
El usuario presiona el botón: Buscar vuelos
  And presiona "Buscar vuelos"                            # com.travelnow.steps.BusquedaVuelosSteps.presiona(java.lang.String)
Se muestran vuelos disponibles en pantalla.
  Then se muestran vuelos disponibles en pantalla         # com.travelnow.steps.ComunesSteps.se_muestran_vuelos_disponibles_en_pantalla()
------------------------------------------
>>> Escenario finalizado correctamente: Búsqueda simple de vuelos
>>> Cerrando entorno de prueba...
------------------------------------------

]]></system-out>
  </testcase>
  <testcase name="Reserva de vuelo exitosa" classname="HU-004 Plataforma de Reservas TravelNow" time="0.016">
    <system-out><![CDATA[
@SmokeTest @Reserva @vuelo
Scenario: Reserva de vuelo exitosa                                     # src/test/resources/features/HU004_Reservas.feature:10
==========================================
>>> Iniciando escenario: Reserva de vuelo exitosa
>>> Configurando entorno de prueba...
==========================================
El usuario ha iniciado sesión correctamente.
  Given que el usuario ha iniciado sesión correctamente                # com.travelnow.steps.ReservasSteps.que_el_usuario_ha_iniciado_sesion_correctamente()
El usuario tiene un vuelo seleccionado.
  And tiene un vuelo seleccionado en la lista de resultados            # com.travelnow.steps.ReservasSteps.tiene_un_vuelo_seleccionado_en_la_lista_de_resultados()
El usuario realiza el pago exitosamente.
  When confirma la reserva y realiza el pago con tarjeta válida        # com.travelnow.steps.ReservasSteps.confirma_la_reserva_y_realiza_el_pago_con_tarjeta_valida()
El sistema muestra el mensaje: Reserva completada exitosamente
  Then el sistema muestra un mensaje "Reserva completada exitosamente" # com.travelnow.steps.ReservasSteps.el_sistema_muestra_un_mensaje(java.lang.String)
------------------------------------------
>>> Escenario finalizado correctamente: Reserva de vuelo exitosa
>>> Cerrando entorno de prueba...
------------------------------------------

]]></system-out>
  </testcase>
  <testcase name="Reserva de hotel exitosa" classname="HU-004 Plataforma de Reservas TravelNow" time="0.011">
    <system-out><![CDATA[
@SmokeTest @Reserva @Hoteles
Scenario: Reserva de hotel exitosa                                     # src/test/resources/features/HU004_Reservas.feature:18
==========================================
>>> Iniciando escenario: Reserva de hotel exitosa
>>> Configurando entorno de prueba...
==========================================
El usuario ha iniciado sesión correctamente.
  Given que el usuario ha iniciado sesión correctamente                # com.travelnow.steps.ReservasSteps.que_el_usuario_ha_iniciado_sesion_correctamente()
El usuario tiene un hotel seleccionado.
  And tiene un hotel seleccionado en la lista de resultados            # com.travelnow.steps.ReservasSteps.tiene_un_hotel_seleccionado_en_la_lista_de_resultados()
El usuario realiza el pago exitosamente.
  When confirma la reserva y realiza el pago con tarjeta válida        # com.travelnow.steps.ReservasSteps.confirma_la_reserva_y_realiza_el_pago_con_tarjeta_valida()
El sistema muestra el mensaje: Reserva completada exitosamente
  Then el sistema muestra un mensaje "Reserva completada exitosamente" # com.travelnow.steps.ReservasSteps.el_sistema_muestra_un_mensaje(java.lang.String)
------------------------------------------
>>> Escenario finalizado correctamente: Reserva de hotel exitosa
>>> Cerrando entorno de prueba...
------------------------------------------

]]></system-out>
  </testcase>
  <testcase name="Cancelación de una reserva" classname="HU-004 Plataforma de Reservas TravelNow" time="0.009">
    <system-out><![CDATA[
@SmokeTest @Cancelacion
Scenario: Cancelación de una reserva             # src/test/resources/features/HU004_Reservas.feature:26
==========================================
>>> Iniciando escenario: Cancelación de una reserva
>>> Configurando entorno de prueba...
==========================================
El usuario tiene una reserva activa.
  Given que el usuario tiene una reserva activa  # com.travelnow.steps.CancelacionSteps.que_el_usuario_tiene_una_reserva_activa()
El usuario ingresa a la sección: Mis reservas
  When ingresa a "Mis reservas"                  # com.travelnow.steps.CancelacionSteps.ingresa_a(java.lang.String)
El usuario selecciona la opción: Cancelar reserva
  And selecciona "Cancelar reserva"              # com.travelnow.steps.CancelacionSteps.selecciona(java.lang.String)
El sistema cambia el estado de la reserva a: Cancelada
  Then la reserva cambia su estado a "Cancelada" # com.travelnow.steps.CancelacionSteps.la_reserva_cambia_su_estado_a(java.lang.String)
------------------------------------------
>>> Escenario finalizado correctamente: Cancelación de una reserva
>>> Cerrando entorno de prueba...
------------------------------------------

]]></system-out>
  </testcase>
  <testcase name="Búsqueda de vuelos con distintos orígenes y destinos #1" classname="HU-005 Búsqueda parametrizada de vuelos" time="0.017">
    <system-out><![CDATA[
@SmokeTest @Busqueda @Outline
Scenario Outline: Búsqueda de vuelos con distintos orígenes y destinos # src/test/resources/features/HU005_BusquedaParametrizada.feature:18
==========================================
>>> Iniciando escenario: Búsqueda de vuelos con distintos orígenes y destinos
>>> Configurando entorno de prueba...
==========================================
El usuario está en la sección de vuelos.
  Given que el usuario está en la sección de vuelos                    # com.travelnow.steps.BusquedaVuelosSteps.que_el_usuario_esta_en_la_seccion_de_vuelos()
Buscando vuelos desde Santiago hacia Lima.
  When ingresa origen "Santiago" y destino "Lima"                      # com.travelnow.steps.BusquedaVuelosSteps.ingresa_origen_y_destino(java.lang.String,java.lang.String)
El usuario presiona el botón: Buscar vuelos
  And presiona "Buscar vuelos"                                         # com.travelnow.steps.BusquedaVuelosSteps.presiona(java.lang.String)
El sistema muestra resultados de vuelos entre Santiago y Lima.
  Then se muestran resultados entre "Santiago" y "Lima"                # com.travelnow.steps.BusquedaVuelosSteps.se_muestran_resultados_entre_y(java.lang.String,java.lang.String)
------------------------------------------
>>> Escenario finalizado correctamente: Búsqueda de vuelos con distintos orígenes y destinos
>>> Cerrando entorno de prueba...
------------------------------------------

]]></system-out>
  </testcase>
  <testcase name="Búsqueda de vuelos con distintos orígenes y destinos #2" classname="HU-005 Búsqueda parametrizada de vuelos" time="0.008">
    <system-out><![CDATA[
@SmokeTest @Busqueda @Outline
Scenario Outline: Búsqueda de vuelos con distintos orígenes y destinos # src/test/resources/features/HU005_BusquedaParametrizada.feature:19
==========================================
>>> Iniciando escenario: Búsqueda de vuelos con distintos orígenes y destinos
>>> Configurando entorno de prueba...
==========================================
El usuario está en la sección de vuelos.
  Given que el usuario está en la sección de vuelos                    # com.travelnow.steps.BusquedaVuelosSteps.que_el_usuario_esta_en_la_seccion_de_vuelos()
Buscando vuelos desde Buenos Aires hacia Madrid.
  When ingresa origen "Buenos Aires" y destino "Madrid"                # com.travelnow.steps.BusquedaVuelosSteps.ingresa_origen_y_destino(java.lang.String,java.lang.String)
El usuario presiona el botón: Buscar vuelos
  And presiona "Buscar vuelos"                                         # com.travelnow.steps.BusquedaVuelosSteps.presiona(java.lang.String)
El sistema muestra resultados de vuelos entre Buenos Aires y Madrid.
  Then se muestran resultados entre "Buenos Aires" y "Madrid"          # com.travelnow.steps.BusquedaVuelosSteps.se_muestran_resultados_entre_y(java.lang.String,java.lang.String)
------------------------------------------
>>> Escenario finalizado correctamente: Búsqueda de vuelos con distintos orígenes y destinos
>>> Cerrando entorno de prueba...
------------------------------------------

]]></system-out>
  </testcase>
  <testcase name="Búsqueda de vuelos con distintos orígenes y destinos #3" classname="HU-005 Búsqueda parametrizada de vuelos" time="0.014">
    <system-out><![CDATA[
@SmokeTest @Busqueda @Outline
Scenario Outline: Búsqueda de vuelos con distintos orígenes y destinos # src/test/resources/features/HU005_BusquedaParametrizada.feature:20
==========================================
>>> Iniciando escenario: Búsqueda de vuelos con distintos orígenes y destinos
>>> Configurando entorno de prueba...
==========================================
El usuario está en la sección de vuelos.
  Given que el usuario está en la sección de vuelos                    # com.travelnow.steps.BusquedaVuelosSteps.que_el_usuario_esta_en_la_seccion_de_vuelos()
Buscando vuelos desde Bogotá hacia Miami.
  When ingresa origen "Bogotá" y destino "Miami"                       # com.travelnow.steps.BusquedaVuelosSteps.ingresa_origen_y_destino(java.lang.String,java.lang.String)
El usuario presiona el botón: Buscar vuelos
  And presiona "Buscar vuelos"                                         # com.travelnow.steps.BusquedaVuelosSteps.presiona(java.lang.String)
El sistema muestra resultados de vuelos entre Bogotá y Miami.
  Then se muestran resultados entre "Bogotá" y "Miami"                 # com.travelnow.steps.BusquedaVuelosSteps.se_muestran_resultados_entre_y(java.lang.String,java.lang.String)
------------------------------------------
>>> Escenario finalizado correctamente: Búsqueda de vuelos con distintos orígenes y destinos
>>> Cerrando entorno de prueba...
------------------------------------------

]]></system-out>
  </testcase>
</testsuite>